<?xml version="1.0" encoding="UTF-8"?>
<testng-results skipped="0" failed="0" ignored="0" total="1" passed="1">
  <reporter-output>
  </reporter-output>
  <suite name="Default suite" duration-ms="5087" started-at="2021-04-07T19:51:11Z" finished-at="2021-04-07T19:51:16Z">
    <groups>
    </groups>
    <test name="Default test" duration-ms="5087" started-at="2021-04-07T19:51:11Z" finished-at="2021-04-07T19:51:16Z">
      <class name="BaseTest.GetApi">
        <test-method status="PASS" signature="beforetest()[pri:0, instance:BaseTest.GetApi@617faa95]" name="beforetest" is-config="true" duration-ms="1354" started-at="2021-04-07T19:51:11Z" finished-at="2021-04-07T19:51:12Z">
          <reporter-output>
          </reporter-output>
        </test-method> <!-- beforetest -->
        <test-method status="PASS" signature="getTest()[pri:0, instance:BaseTest.GetApi@617faa95]" name="getTest" duration-ms="3651" started-at="2021-04-07T19:51:12Z" finished-at="2021-04-07T19:51:16Z">
          <reporter-output>
          </reporter-output>
        </test-method> <!-- getTest -->
      </class> <!-- BaseTest.GetApi -->
    </test> <!-- Default test -->
  </suite> <!-- Default suite -->
</testng-results>
